<?xml version="1.0" encoding="UTF-8"?>
<!-- Generated by org.testng.reporters.JUnitXMLReporter -->
<testsuite hostname="DESKTOP-EGBJ21E" ignored="0" name="BasicAPIResultExtract" tests="24" failures="0" timestamp="24 Apr 2017 14:26:34 GMT" time="19.346" errors="0">
  <testcase name="BasicAPIResultExtractTest" time="4.746" classname="com.stta.BasicAPITestSuite.BasicAPIResultExtract"/>
  <testcase name="BasicAPIResultExtractTest" time="0.585" classname="com.stta.BasicAPITestSuite.BasicAPIResultExtract"/>
  <testcase name="BasicAPIResultExtractTest" time="0.602" classname="com.stta.BasicAPITestSuite.BasicAPIResultExtract"/>
  <testcase name="BasicAPIResultExtractTest" time="0.606" classname="com.stta.BasicAPITestSuite.BasicAPIResultExtract"/>
  <testcase name="BasicAPIResultExtractTest" time="0.587" classname="com.stta.BasicAPITestSuite.BasicAPIResultExtract"/>
  <testcase name="BasicAPIResultExtractTest" time="0.611" classname="com.stta.BasicAPITestSuite.BasicAPIResultExtract"/>
  <testcase name="BasicAPIResultExtractTest" time="0.587" classname="com.stta.BasicAPITestSuite.BasicAPIResultExtract"/>
  <testcase name="BasicAPIResultExtractTest" time="0.988" classname="com.stta.BasicAPITestSuite.BasicAPIResultExtract"/>
  <testcase name="BasicAPIResultExtractTest" time="0.69" classname="com.stta.BasicAPITestSuite.BasicAPIResultExtract"/>
  <testcase name="BasicAPIResultExtractTest" time="0.585" classname="com.stta.BasicAPITestSuite.BasicAPIResultExtract"/>
  <testcase name="BasicAPIResultExtractTest" time="0.58" classname="com.stta.BasicAPITestSuite.BasicAPIResultExtract"/>
  <testcase name="BasicAPIResultExtractTest" time="0.603" classname="com.stta.BasicAPITestSuite.BasicAPIResultExtract"/>
  <testcase name="BasicAPIResultExtractTest" time="0.607" classname="com.stta.BasicAPITestSuite.BasicAPIResultExtract"/>
  <testcase name="BasicAPIResultExtractTest" time="0.586" classname="com.stta.BasicAPITestSuite.BasicAPIResultExtract"/>
  <testcase name="BasicAPIResultExtractTest" time="0.604" classname="com.stta.BasicAPITestSuite.BasicAPIResultExtract"/>
  <testcase name="BasicAPIResultExtractTest" time="0.618" classname="com.stta.BasicAPITestSuite.BasicAPIResultExtract"/>
  <testcase name="BasicAPIResultExtractTest" time="0.565" classname="com.stta.BasicAPITestSuite.BasicAPIResultExtract"/>
  <testcase name="BasicAPIResultExtractTest" time="0.586" classname="com.stta.BasicAPITestSuite.BasicAPIResultExtract"/>
  <testcase name="BasicAPIResultExtractTest" time="0.577" classname="com.stta.BasicAPITestSuite.BasicAPIResultExtract"/>
  <testcase name="BasicAPIResultExtractTest" time="0.553" classname="com.stta.BasicAPITestSuite.BasicAPIResultExtract"/>
  <testcase name="BasicAPIResultExtractTest" time="0.566" classname="com.stta.BasicAPITestSuite.BasicAPIResultExtract"/>
  <testcase name="BasicAPIResultExtractTest" time="0.606" classname="com.stta.BasicAPITestSuite.BasicAPIResultExtract"/>
  <testcase name="BasicAPIResultExtractTest" time="0.585" classname="com.stta.BasicAPITestSuite.BasicAPIResultExtract"/>
  <testcase name="BasicAPIResultExtractTest" time="0.571" classname="com.stta.BasicAPITestSuite.BasicAPIResultExtract"/>
</testsuite> <!-- BasicAPIResultExtract -->
