<?xml version="1.0" encoding="UTF-8"?>
<!-- Generated by org.testng.reporters.JUnitXMLReporter -->
<testsuite hostname="DESKTOP-EGBJ21E" ignored="0" name="BasicAPITestSuiteCaseSF" tests="21" failures="0" timestamp="18 Mar 2017 07:43:02 GMT" time="14.745" errors="0">
  <testcase name="BasicAPITestSuiteCaseSFTest" time="1.741" classname="com.stta.BasicAPITestSuite.BasicAPITestSuiteCaseSF"/>
  <testcase name="BasicAPITestSuiteCaseSFTest" time="0.653" classname="com.stta.BasicAPITestSuite.BasicAPITestSuiteCaseSF"/>
  <testcase name="BasicAPITestSuiteCaseSFTest" time="0.625" classname="com.stta.BasicAPITestSuite.BasicAPITestSuiteCaseSF"/>
  <testcase name="BasicAPITestSuiteCaseSFTest" time="0.64" classname="com.stta.BasicAPITestSuite.BasicAPITestSuiteCaseSF"/>
  <testcase name="BasicAPITestSuiteCaseSFTest" time="0.646" classname="com.stta.BasicAPITestSuite.BasicAPITestSuiteCaseSF"/>
  <testcase name="BasicAPITestSuiteCaseSFTest" time="0.647" classname="com.stta.BasicAPITestSuite.BasicAPITestSuiteCaseSF"/>
  <testcase name="BasicAPITestSuiteCaseSFTest" time="0.613" classname="com.stta.BasicAPITestSuite.BasicAPITestSuiteCaseSF"/>
  <testcase name="BasicAPITestSuiteCaseSFTest" time="0.653" classname="com.stta.BasicAPITestSuite.BasicAPITestSuiteCaseSF"/>
  <testcase name="BasicAPITestSuiteCaseSFTest" time="0.622" classname="com.stta.BasicAPITestSuite.BasicAPITestSuiteCaseSF"/>
  <testcase name="BasicAPITestSuiteCaseSFTest" time="0.641" classname="com.stta.BasicAPITestSuite.BasicAPITestSuiteCaseSF"/>
  <testcase name="BasicAPITestSuiteCaseSFTest" time="0.632" classname="com.stta.BasicAPITestSuite.BasicAPITestSuiteCaseSF"/>
  <testcase name="BasicAPITestSuiteCaseSFTest" time="0.645" classname="com.stta.BasicAPITestSuite.BasicAPITestSuiteCaseSF"/>
  <testcase name="BasicAPITestSuiteCaseSFTest" time="0.616" classname="com.stta.BasicAPITestSuite.BasicAPITestSuiteCaseSF"/>
  <testcase name="BasicAPITestSuiteCaseSFTest" time="0.635" classname="com.stta.BasicAPITestSuite.BasicAPITestSuiteCaseSF"/>
  <testcase name="BasicAPITestSuiteCaseSFTest" time="0.631" classname="com.stta.BasicAPITestSuite.BasicAPITestSuiteCaseSF"/>
  <testcase name="BasicAPITestSuiteCaseSFTest" time="0.631" classname="com.stta.BasicAPITestSuite.BasicAPITestSuiteCaseSF"/>
  <testcase name="BasicAPITestSuiteCaseSFTest" time="0.632" classname="com.stta.BasicAPITestSuite.BasicAPITestSuiteCaseSF"/>
  <testcase name="BasicAPITestSuiteCaseSFTest" time="0.641" classname="com.stta.BasicAPITestSuite.BasicAPITestSuiteCaseSF"/>
  <testcase name="BasicAPITestSuiteCaseSFTest" time="0.625" classname="com.stta.BasicAPITestSuite.BasicAPITestSuiteCaseSF"/>
  <testcase name="BasicAPITestSuiteCaseSFTest" time="0.635" classname="com.stta.BasicAPITestSuite.BasicAPITestSuiteCaseSF"/>
  <testcase name="BasicAPITestSuiteCaseSFTest" time="0.635" classname="com.stta.BasicAPITestSuite.BasicAPITestSuiteCaseSF"/>
</testsuite> <!-- BasicAPITestSuiteCaseSF -->
