<?xml version="1.0" encoding="UTF-8"?>
<!-- Generated by org.testng.reporters.JUnitXMLReporter -->
<testsuite hostname="DESKTOP-EGBJ21E" ignored="0" name="BasicAPIResultExtract1" tests="45" failures="0" timestamp="24 Apr 2017 09:40:13 GMT" time="49.585" errors="0">
  <testcase name="BasicAPIMultipleResultExtract1Test" time="1.91" classname="com.stta.BasicAPITestSuite.BasicAPIMultipleResultExtract1"/>
  <testcase name="BasicAPIMultipleResultExtract1Test" time="0.442" classname="com.stta.BasicAPITestSuite.BasicAPIMultipleResultExtract1"/>
  <testcase name="BasicAPIMultipleResultExtract1Test" time="0.433" classname="com.stta.BasicAPITestSuite.BasicAPIMultipleResultExtract1"/>
  <testcase name="BasicAPIMultipleResultExtract1Test" time="0.397" classname="com.stta.BasicAPITestSuite.BasicAPIMultipleResultExtract1"/>
  <testcase name="BasicAPIMultipleResultExtract1Test" time="0.401" classname="com.stta.BasicAPITestSuite.BasicAPIMultipleResultExtract1"/>
  <testcase name="BasicAPIMultipleResultExtract1Test" time="0.399" classname="com.stta.BasicAPITestSuite.BasicAPIMultipleResultExtract1"/>
  <testcase name="BasicAPIMultipleResultExtract1Test" time="0.423" classname="com.stta.BasicAPITestSuite.BasicAPIMultipleResultExtract1"/>
  <testcase name="BasicAPIMultipleResultExtract1Test" time="0.399" classname="com.stta.BasicAPITestSuite.BasicAPIMultipleResultExtract1"/>
  <testcase name="BasicAPIMultipleResultExtract1Test" time="0.406" classname="com.stta.BasicAPITestSuite.BasicAPIMultipleResultExtract1"/>
  <testcase name="BasicAPIMultipleResultExtract1Test" time="0.407" classname="com.stta.BasicAPITestSuite.BasicAPIMultipleResultExtract1"/>
  <testcase name="BasicAPIMultipleResultExtract1Test" time="0.413" classname="com.stta.BasicAPITestSuite.BasicAPIMultipleResultExtract1"/>
  <testcase name="BasicAPIMultipleResultExtract1Test" time="0.413" classname="com.stta.BasicAPITestSuite.BasicAPIMultipleResultExtract1"/>
  <testcase name="BasicAPIMultipleResultExtract1Test" time="0.397" classname="com.stta.BasicAPITestSuite.BasicAPIMultipleResultExtract1"/>
  <testcase name="BasicAPIMultipleResultExtract1Test" time="0.401" classname="com.stta.BasicAPITestSuite.BasicAPIMultipleResultExtract1"/>
  <testcase name="BasicAPIMultipleResultExtract1Test" time="0.4" classname="com.stta.BasicAPITestSuite.BasicAPIMultipleResultExtract1"/>
  <testcase name="BasicAPIMultipleResultExtract1Test" time="0.419" classname="com.stta.BasicAPITestSuite.BasicAPIMultipleResultExtract1"/>
  <testcase name="BasicAPIMultipleResultExtract1Test" time="0.405" classname="com.stta.BasicAPITestSuite.BasicAPIMultipleResultExtract1"/>
  <testcase name="BasicAPIMultipleResultExtract1Test" time="0.39" classname="com.stta.BasicAPITestSuite.BasicAPIMultipleResultExtract1"/>
  <testcase name="BasicAPIMultipleResultExtract1Test" time="0.39" classname="com.stta.BasicAPITestSuite.BasicAPIMultipleResultExtract1"/>
  <testcase name="BasicAPIMultipleResultExtract1Test" time="0.398" classname="com.stta.BasicAPITestSuite.BasicAPIMultipleResultExtract1"/>
  <testcase name="BasicAPIMultipleResultExtract1Test" time="0.394" classname="com.stta.BasicAPITestSuite.BasicAPIMultipleResultExtract1"/>
  <testcase name="BasicAPIMultipleResultExtract1Test" time="0.448" classname="com.stta.BasicAPITestSuite.BasicAPIMultipleResultExtract1"/>
  <testcase name="BasicAPIMultipleResultExtract1Test" time="0.4" classname="com.stta.BasicAPITestSuite.BasicAPIMultipleResultExtract1"/>
  <testcase name="BasicAPIMultipleResultExtract1Test" time="0.404" classname="com.stta.BasicAPITestSuite.BasicAPIMultipleResultExtract1"/>
  <testcase name="BasicAPIMultipleResultExtract1Test" time="0.393" classname="com.stta.BasicAPITestSuite.BasicAPIMultipleResultExtract1"/>
  <testcase name="BasicAPIMultipleResultExtract1Test" time="0.402" classname="com.stta.BasicAPITestSuite.BasicAPIMultipleResultExtract1"/>
  <testcase name="BasicAPIMultipleResultExtract1Test" time="0.406" classname="com.stta.BasicAPITestSuite.BasicAPIMultipleResultExtract1"/>
  <testcase name="BasicAPIMultipleResultExtract1Test" time="0.398" classname="com.stta.BasicAPITestSuite.BasicAPIMultipleResultExtract1"/>
  <testcase name="BasicAPIMultipleResultExtract1Test" time="0.403" classname="com.stta.BasicAPITestSuite.BasicAPIMultipleResultExtract1"/>
  <testcase name="BasicAPIMultipleResultExtract1Test" time="0.397" classname="com.stta.BasicAPITestSuite.BasicAPIMultipleResultExtract1"/>
  <testcase name="BasicAPIMultipleResultExtract1Test" time="0.395" classname="com.stta.BasicAPITestSuite.BasicAPIMultipleResultExtract1"/>
  <testcase name="BasicAPIMultipleResultExtract1Test" time="0.389" classname="com.stta.BasicAPITestSuite.BasicAPIMultipleResultExtract1"/>
  <testcase name="BasicAPIMultipleResultExtract1Test" time="0.391" classname="com.stta.BasicAPITestSuite.BasicAPIMultipleResultExtract1"/>
  <testcase name="BasicAPIMultipleResultExtract1Test" time="0.433" classname="com.stta.BasicAPITestSuite.BasicAPIMultipleResultExtract1"/>
  <testcase name="BasicAPIMultipleResultExtract1Test" time="0.403" classname="com.stta.BasicAPITestSuite.BasicAPIMultipleResultExtract1"/>
  <testcase name="BasicAPIMultipleResultExtract1Test" time="0.377" classname="com.stta.BasicAPITestSuite.BasicAPIMultipleResultExtract1"/>
  <testcase name="BasicAPIMultipleResultExtract1Test" time="0.403" classname="com.stta.BasicAPITestSuite.BasicAPIMultipleResultExtract1"/>
  <testcase name="BasicAPIMultipleResultExtract1Test" time="0.4" classname="com.stta.BasicAPITestSuite.BasicAPIMultipleResultExtract1"/>
  <testcase name="BasicAPIMultipleResultExtract1Test" time="0.391" classname="com.stta.BasicAPITestSuite.BasicAPIMultipleResultExtract1"/>
  <testcase name="BasicAPIMultipleResultExtract1Test" time="0.402" classname="com.stta.BasicAPITestSuite.BasicAPIMultipleResultExtract1"/>
  <testcase name="BasicAPIMultipleResultExtract1Test" time="0.393" classname="com.stta.BasicAPITestSuite.BasicAPIMultipleResultExtract1"/>
  <testcase name="BasicAPIMultipleResultExtract1Test" time="0.39" classname="com.stta.BasicAPITestSuite.BasicAPIMultipleResultExtract1"/>
  <testcase name="BasicAPIMultipleResultExtract1Test" time="0.385" classname="com.stta.BasicAPITestSuite.BasicAPIMultipleResultExtract1"/>
  <testcase name="BasicAPIMultipleResultExtract1Test" time="0.399" classname="com.stta.BasicAPITestSuite.BasicAPIMultipleResultExtract1"/>
  <testcase name="BasicAPIMultipleResultExtract1Test" time="0.405" classname="com.stta.BasicAPITestSuite.BasicAPIMultipleResultExtract1"/>
</testsuite> <!-- BasicAPIResultExtract1 -->
