<?xml version="1.0" encoding="UTF-8"?>
<!-- Generated by org.testng.reporters.JUnitXMLReporter -->
<testsuite hostname="DESKTOP-EGBJ21E" ignored="0" name="BasicAPIResultMultipleExtract1" tests="45" failures="0" timestamp="26 Apr 2017 06:38:02 GMT" time="30.514" errors="0">
  <testcase name="BasicAPIMultipleResultExtract1Test" time="2.413" classname="com.stta.BasicAPITestSuite.BasicAPIMultipleResultExtract1"/>
  <testcase name="BasicAPIMultipleResultExtract1Test" time="0.533" classname="com.stta.BasicAPITestSuite.BasicAPIMultipleResultExtract1"/>
  <testcase name="BasicAPIMultipleResultExtract1Test" time="0.47" classname="com.stta.BasicAPITestSuite.BasicAPIMultipleResultExtract1"/>
  <testcase name="BasicAPIMultipleResultExtract1Test" time="0.62" classname="com.stta.BasicAPITestSuite.BasicAPIMultipleResultExtract1"/>
  <testcase name="BasicAPIMultipleResultExtract1Test" time="0.588" classname="com.stta.BasicAPITestSuite.BasicAPIMultipleResultExtract1"/>
  <testcase name="BasicAPIMultipleResultExtract1Test" time="0.494" classname="com.stta.BasicAPITestSuite.BasicAPIMultipleResultExtract1"/>
  <testcase name="BasicAPIMultipleResultExtract1Test" time="0.683" classname="com.stta.BasicAPITestSuite.BasicAPIMultipleResultExtract1"/>
  <testcase name="BasicAPIMultipleResultExtract1Test" time="0.63" classname="com.stta.BasicAPITestSuite.BasicAPIMultipleResultExtract1"/>
  <testcase name="BasicAPIMultipleResultExtract1Test" time="0.486" classname="com.stta.BasicAPITestSuite.BasicAPIMultipleResultExtract1"/>
  <testcase name="BasicAPIMultipleResultExtract1Test" time="0.598" classname="com.stta.BasicAPITestSuite.BasicAPIMultipleResultExtract1"/>
  <testcase name="BasicAPIMultipleResultExtract1Test" time="0.724" classname="com.stta.BasicAPITestSuite.BasicAPIMultipleResultExtract1"/>
  <testcase name="BasicAPIMultipleResultExtract1Test" time="0.612" classname="com.stta.BasicAPITestSuite.BasicAPIMultipleResultExtract1"/>
  <testcase name="BasicAPIMultipleResultExtract1Test" time="0.591" classname="com.stta.BasicAPITestSuite.BasicAPIMultipleResultExtract1"/>
  <testcase name="BasicAPIMultipleResultExtract1Test" time="0.597" classname="com.stta.BasicAPITestSuite.BasicAPIMultipleResultExtract1"/>
  <testcase name="BasicAPIMultipleResultExtract1Test" time="0.602" classname="com.stta.BasicAPITestSuite.BasicAPIMultipleResultExtract1"/>
  <testcase name="BasicAPIMultipleResultExtract1Test" time="0.601" classname="com.stta.BasicAPITestSuite.BasicAPIMultipleResultExtract1"/>
  <testcase name="BasicAPIMultipleResultExtract1Test" time="0.612" classname="com.stta.BasicAPITestSuite.BasicAPIMultipleResultExtract1"/>
  <testcase name="BasicAPIMultipleResultExtract1Test" time="0.613" classname="com.stta.BasicAPITestSuite.BasicAPIMultipleResultExtract1"/>
  <testcase name="BasicAPIMultipleResultExtract1Test" time="0.607" classname="com.stta.BasicAPITestSuite.BasicAPIMultipleResultExtract1"/>
  <testcase name="BasicAPIMultipleResultExtract1Test" time="0.605" classname="com.stta.BasicAPITestSuite.BasicAPIMultipleResultExtract1"/>
  <testcase name="BasicAPIMultipleResultExtract1Test" time="0.597" classname="com.stta.BasicAPITestSuite.BasicAPIMultipleResultExtract1"/>
  <testcase name="BasicAPIMultipleResultExtract1Test" time="0.605" classname="com.stta.BasicAPITestSuite.BasicAPIMultipleResultExtract1"/>
  <testcase name="BasicAPIMultipleResultExtract1Test" time="0.612" classname="com.stta.BasicAPITestSuite.BasicAPIMultipleResultExtract1"/>
  <testcase name="BasicAPIMultipleResultExtract1Test" time="0.606" classname="com.stta.BasicAPITestSuite.BasicAPIMultipleResultExtract1"/>
  <testcase name="BasicAPIMultipleResultExtract1Test" time="0.61" classname="com.stta.BasicAPITestSuite.BasicAPIMultipleResultExtract1"/>
  <testcase name="BasicAPIMultipleResultExtract1Test" time="0.609" classname="com.stta.BasicAPITestSuite.BasicAPIMultipleResultExtract1"/>
  <testcase name="BasicAPIMultipleResultExtract1Test" time="0.597" classname="com.stta.BasicAPITestSuite.BasicAPIMultipleResultExtract1"/>
  <testcase name="BasicAPIMultipleResultExtract1Test" time="0.614" classname="com.stta.BasicAPITestSuite.BasicAPIMultipleResultExtract1"/>
  <testcase name="BasicAPIMultipleResultExtract1Test" time="0.597" classname="com.stta.BasicAPITestSuite.BasicAPIMultipleResultExtract1"/>
  <testcase name="BasicAPIMultipleResultExtract1Test" time="0.615" classname="com.stta.BasicAPITestSuite.BasicAPIMultipleResultExtract1"/>
  <testcase name="BasicAPIMultipleResultExtract1Test" time="0.633" classname="com.stta.BasicAPITestSuite.BasicAPIMultipleResultExtract1"/>
  <testcase name="BasicAPIMultipleResultExtract1Test" time="0.568" classname="com.stta.BasicAPITestSuite.BasicAPIMultipleResultExtract1"/>
  <testcase name="BasicAPIMultipleResultExtract1Test" time="0.591" classname="com.stta.BasicAPITestSuite.BasicAPIMultipleResultExtract1"/>
  <testcase name="BasicAPIMultipleResultExtract1Test" time="0.628" classname="com.stta.BasicAPITestSuite.BasicAPIMultipleResultExtract1"/>
  <testcase name="BasicAPIMultipleResultExtract1Test" time="0.61" classname="com.stta.BasicAPITestSuite.BasicAPIMultipleResultExtract1"/>
  <testcase name="BasicAPIMultipleResultExtract1Test" time="0.59" classname="com.stta.BasicAPITestSuite.BasicAPIMultipleResultExtract1"/>
  <testcase name="BasicAPIMultipleResultExtract1Test" time="0.625" classname="com.stta.BasicAPITestSuite.BasicAPIMultipleResultExtract1"/>
  <testcase name="BasicAPIMultipleResultExtract1Test" time="0.61" classname="com.stta.BasicAPITestSuite.BasicAPIMultipleResultExtract1"/>
  <testcase name="BasicAPIMultipleResultExtract1Test" time="0.612" classname="com.stta.BasicAPITestSuite.BasicAPIMultipleResultExtract1"/>
  <testcase name="BasicAPIMultipleResultExtract1Test" time="0.517" classname="com.stta.BasicAPITestSuite.BasicAPIMultipleResultExtract1"/>
  <testcase name="BasicAPIMultipleResultExtract1Test" time="0.69" classname="com.stta.BasicAPITestSuite.BasicAPIMultipleResultExtract1"/>
  <testcase name="BasicAPIMultipleResultExtract1Test" time="0.596" classname="com.stta.BasicAPITestSuite.BasicAPIMultipleResultExtract1"/>
  <testcase name="BasicAPIMultipleResultExtract1Test" time="0.621" classname="com.stta.BasicAPITestSuite.BasicAPIMultipleResultExtract1"/>
  <testcase name="BasicAPIMultipleResultExtract1Test" time="0.598" classname="com.stta.BasicAPITestSuite.BasicAPIMultipleResultExtract1"/>
  <testcase name="BasicAPIMultipleResultExtract1Test" time="0.63" classname="com.stta.BasicAPITestSuite.BasicAPIMultipleResultExtract1"/>
</testsuite> <!-- BasicAPIResultMultipleExtract1 -->
