<?xml version="1.0" encoding="UTF-8"?>
<!-- Generated by org.testng.reporters.JUnitXMLReporter -->
<testsuite hostname="DESKTOP-EGBJ21E" name="BasicUIAutoTestSuiteCase1" tests="22" failures="1" timestamp="16 Feb 2017 14:19:24 GMT" time="87.412" errors="0">
  <testcase name="BasicUIAutoTestSuiteCase1Test" time="15.015" classname="com.stta.BasicUIAutoTestSuite.BasicUIAutoTestSuiteCaseM"/>
  <testcase name="BasicUIAutoTestSuiteCase1Test" time="12.452" classname="com.stta.BasicUIAutoTestSuite.BasicUIAutoTestSuiteCaseM"/>
  <testcase name="BasicUIAutoTestSuiteCase1Test" time="4.743" classname="com.stta.BasicUIAutoTestSuite.BasicUIAutoTestSuiteCaseM"/>
  <testcase name="BasicUIAutoTestSuiteCase1Test" time="3.39" classname="com.stta.BasicUIAutoTestSuite.BasicUIAutoTestSuiteCaseM"/>
  <testcase name="BasicUIAutoTestSuiteCase1Test" time="3.36" classname="com.stta.BasicUIAutoTestSuite.BasicUIAutoTestSuiteCaseM"/>
  <testcase name="BasicUIAutoTestSuiteCase1Test" time="3.344" classname="com.stta.BasicUIAutoTestSuite.BasicUIAutoTestSuiteCaseM"/>
  <testcase name="BasicUIAutoTestSuiteCase1Test" time="0.227" classname="com.stta.BasicUIAutoTestSuite.BasicUIAutoTestSuiteCaseM"/>
  <testcase name="BasicUIAutoTestSuiteCase1Test" time="7.67" classname="com.stta.BasicUIAutoTestSuite.BasicUIAutoTestSuiteCaseM"/>
  <testcase name="BasicUIAutoTestSuiteCase1Test" time="0.101" classname="com.stta.BasicUIAutoTestSuite.BasicUIAutoTestSuiteCaseM">
    <failure type="java.lang.AssertionError" message="The following asserts failed:
	expected [false] but found [true]">
      <![CDATA[java.lang.AssertionError: The following asserts failed:
	expected [false] but found [true]
	at com.stta.BasicUIAutoTestSuite.BasicUIAutoTestSuiteCaseM.BasicUIAutoTestSuiteCase1Test(BasicUIAutoTestSuiteCaseM.java:132)
... Removed 26 stack frames]]>
    </failure>
  </testcase> <!-- BasicUIAutoTestSuiteCase1Test -->
  <testcase name="BasicUIAutoTestSuiteCase1Test" time="0.317" classname="com.stta.BasicUIAutoTestSuite.BasicUIAutoTestSuiteCaseM"/>
  <testcase name="BasicUIAutoTestSuiteCase1Test" time="1.958" classname="com.stta.BasicUIAutoTestSuite.BasicUIAutoTestSuiteCaseM"/>
  <testcase name="BasicUIAutoTestSuiteCase1Test" time="3.158" classname="com.stta.BasicUIAutoTestSuite.BasicUIAutoTestSuiteCaseM"/>
  <testcase name="BasicUIAutoTestSuiteCase1Test" time="8.278" classname="com.stta.BasicUIAutoTestSuite.BasicUIAutoTestSuiteCaseM"/>
  <testcase name="BasicUIAutoTestSuiteCase1Test" time="0.54" classname="com.stta.BasicUIAutoTestSuite.BasicUIAutoTestSuiteCaseM"/>
  <testcase name="BasicUIAutoTestSuiteCase1Test" time="0.931" classname="com.stta.BasicUIAutoTestSuite.BasicUIAutoTestSuiteCaseM"/>
  <testcase name="BasicUIAutoTestSuiteCase1Test" time="11.902" classname="com.stta.BasicUIAutoTestSuite.BasicUIAutoTestSuiteCaseM"/>
  <testcase name="BasicUIAutoTestSuiteCase1Test" time="0.163" classname="com.stta.BasicUIAutoTestSuite.BasicUIAutoTestSuiteCaseM"/>
  <testcase name="BasicUIAutoTestSuiteCase1Test" time="0.736" classname="com.stta.BasicUIAutoTestSuite.BasicUIAutoTestSuiteCaseM"/>
  <testcase name="BasicUIAutoTestSuiteCase1Test" time="1.355" classname="com.stta.BasicUIAutoTestSuite.BasicUIAutoTestSuiteCaseM"/>
  <testcase name="BasicUIAutoTestSuiteCase1Test" time="6.178" classname="com.stta.BasicUIAutoTestSuite.BasicUIAutoTestSuiteCaseM"/>
  <testcase name="BasicUIAutoTestSuiteCase1Test" time="0.005" classname="com.stta.BasicUIAutoTestSuite.BasicUIAutoTestSuiteCaseM"/>
  <testcase name="BasicUIAutoTestSuiteCase1Test" time="0.005" classname="com.stta.BasicUIAutoTestSuite.BasicUIAutoTestSuiteCaseM"/>
</testsuite> <!-- BasicUIAutoTestSuiteCase1 -->
