<?xml version="1.0" encoding="UTF-8"?>
<!-- Generated by org.testng.reporters.JUnitXMLReporter -->
<testsuite hostname="DESKTOP-EGBJ21E" ignored="0" name="BasicUIAutoTestSuiteCaseM" tests="16" failures="0" timestamp="18 Apr 2017 12:14:24 GMT" time="67.149" errors="0">
  <testcase name="cloudData" time="0.0" classname="com.stta.BasicUIAutoTestSuite.BasicUIAutoTestSuiteCaseM"/>
  <testcase name="BasicUIAutoTestSuiteCaseMTest" time="15.036" classname="com.stta.BasicUIAutoTestSuite.BasicUIAutoTestSuiteCaseM"/>
  <testcase name="BasicUIAutoTestSuiteCaseMTest" time="12.677" classname="com.stta.BasicUIAutoTestSuite.BasicUIAutoTestSuiteCaseM"/>
  <testcase name="BasicUIAutoTestSuiteCaseMTest" time="4.2" classname="com.stta.BasicUIAutoTestSuite.BasicUIAutoTestSuiteCaseM"/>
  <testcase name="BasicUIAutoTestSuiteCaseMTest" time="9.855" classname="com.stta.BasicUIAutoTestSuite.BasicUIAutoTestSuiteCaseM"/>
  <testcase name="BasicUIAutoTestSuiteCaseMTest" time="0.544" classname="com.stta.BasicUIAutoTestSuite.BasicUIAutoTestSuiteCaseM"/>
  <testcase name="BasicUIAutoTestSuiteCaseMTest" time="9.227" classname="com.stta.BasicUIAutoTestSuite.BasicUIAutoTestSuiteCaseM"/>
  <testcase name="BasicUIAutoTestSuiteCaseMTest" time="0.523" classname="com.stta.BasicUIAutoTestSuite.BasicUIAutoTestSuiteCaseM"/>
  <testcase name="BasicUIAutoTestSuiteCaseMTest" time="8.43" classname="com.stta.BasicUIAutoTestSuite.BasicUIAutoTestSuiteCaseM"/>
  <testcase name="BasicUIAutoTestSuiteCaseMTest" time="0.575" classname="com.stta.BasicUIAutoTestSuite.BasicUIAutoTestSuiteCaseM"/>
  <testcase name="BasicUIAutoTestSuiteCaseMTest" time="0.741" classname="com.stta.BasicUIAutoTestSuite.BasicUIAutoTestSuiteCaseM"/>
  <testcase name="BasicUIAutoTestSuiteCaseMTest" time="0.692" classname="com.stta.BasicUIAutoTestSuite.BasicUIAutoTestSuiteCaseM"/>
  <testcase name="BasicUIAutoTestSuiteCaseMTest" time="3.709" classname="com.stta.BasicUIAutoTestSuite.BasicUIAutoTestSuiteCaseM"/>
  <testcase name="BasicUIAutoTestSuiteCaseMTest" time="0.678" classname="com.stta.BasicUIAutoTestSuite.BasicUIAutoTestSuiteCaseM"/>
  <testcase name="BasicUIAutoTestSuiteCaseMTest" time="0.016" classname="com.stta.BasicUIAutoTestSuite.BasicUIAutoTestSuiteCaseM"/>
  <testcase name="BasicUIAutoTestSuiteCaseMTest" time="0.0" classname="com.stta.BasicUIAutoTestSuite.BasicUIAutoTestSuiteCaseM"/>
</testsuite> <!-- BasicUIAutoTestSuiteCaseM -->
