<?xml version="1.0" encoding="UTF-8"?>
<!-- Generated by org.testng.reporters.JUnitXMLReporter -->
<testsuite hostname="DESKTOP-EGBJ21E" ignored="0" name="BasicUIAutoTestSuiteCaseM1" tests="16" failures="1" timestamp="18 Apr 2017 12:33:58 GMT" time="71.885" errors="0">
  <testcase name="cloudData" time="0.015" classname="com.stta.BasicUIAutoTestSuite.BasicUIAutoTestSuiteCaseM"/>
  <testcase name="BasicUIAutoTestSuiteCaseMTest" time="15.019" classname="com.stta.BasicUIAutoTestSuite.BasicUIAutoTestSuiteCaseM"/>
  <testcase name="BasicUIAutoTestSuiteCaseMTest" time="10.398" classname="com.stta.BasicUIAutoTestSuite.BasicUIAutoTestSuiteCaseM"/>
  <testcase name="BasicUIAutoTestSuiteCaseMTest" time="0.401" classname="com.stta.BasicUIAutoTestSuite.BasicUIAutoTestSuiteCaseM"/>
  <testcase name="BasicUIAutoTestSuiteCaseMTest" time="8.896" classname="com.stta.BasicUIAutoTestSuite.BasicUIAutoTestSuiteCaseM"/>
  <testcase name="BasicUIAutoTestSuiteCaseMTest" time="0.616" classname="com.stta.BasicUIAutoTestSuite.BasicUIAutoTestSuiteCaseM"/>
  <testcase name="BasicUIAutoTestSuiteCaseMTest" time="8.747" classname="com.stta.BasicUIAutoTestSuite.BasicUIAutoTestSuiteCaseM"/>
  <testcase name="BasicUIAutoTestSuiteCaseMTest" time="0.603" classname="com.stta.BasicUIAutoTestSuite.BasicUIAutoTestSuiteCaseM"/>
  <testcase name="BasicUIAutoTestSuiteCaseMTest" time="7.282" classname="com.stta.BasicUIAutoTestSuite.BasicUIAutoTestSuiteCaseM"/>
  <testcase name="BasicUIAutoTestSuiteCaseMTest" time="0.213" classname="com.stta.BasicUIAutoTestSuite.BasicUIAutoTestSuiteCaseM"/>
  <testcase name="BasicUIAutoTestSuiteCaseMTest" time="0.733" classname="com.stta.BasicUIAutoTestSuite.BasicUIAutoTestSuiteCaseM"/>
  <testcase name="BasicUIAutoTestSuiteCaseMTest" time="0.678" classname="com.stta.BasicUIAutoTestSuite.BasicUIAutoTestSuiteCaseM"/>
  <testcase name="BasicUIAutoTestSuiteCaseMTest" time="0.857" classname="com.stta.BasicUIAutoTestSuite.BasicUIAutoTestSuiteCaseM"/>
  <testcase name="BasicUIAutoTestSuiteCaseMTest" time="15.378" classname="com.stta.BasicUIAutoTestSuite.BasicUIAutoTestSuiteCaseM">
    <failure type="java.lang.AssertionError" message="The following asserts failed:
	expected [false] but found [true]">
      <![CDATA[java.lang.AssertionError: The following asserts failed:
	expected [false] but found [true]
	at com.stta.BasicUIAutoTestSuite.BasicUIAutoTestSuiteCaseM.BasicUIAutoTestSuiteCaseMTest(BasicUIAutoTestSuiteCaseM.java:137)
... Removed 27 stack frames]]>
    </failure>
  </testcase> <!-- BasicUIAutoTestSuiteCaseMTest -->
  <testcase name="BasicUIAutoTestSuiteCaseMTest" time="0.0" classname="com.stta.BasicUIAutoTestSuite.BasicUIAutoTestSuiteCaseM"/>
  <testcase name="BasicUIAutoTestSuiteCaseMTest" time="0.006" classname="com.stta.BasicUIAutoTestSuite.BasicUIAutoTestSuiteCaseM"/>
</testsuite> <!-- BasicUIAutoTestSuiteCaseM1 -->
