<?xml version="1.0" encoding="UTF-8"?>
<testsuite name="BasicAPIResultExtract"
           tests="24"
           failures="0"
           errors="0"
           skipped="0"
           time="18.794">
  <properties />
  
  
            <testcase name="BasicAPIResultExtractTest" time="0.611" classname="com.stta.BasicAPITestSuite.BasicAPIResultExtract" />
                <testcase name="BasicAPIResultExtractTest" time="0.690" classname="com.stta.BasicAPITestSuite.BasicAPIResultExtract" />
                <testcase name="BasicAPIResultExtractTest" time="0.607" classname="com.stta.BasicAPITestSuite.BasicAPIResultExtract" />
                <testcase name="BasicAPIResultExtractTest" time="0.566" classname="com.stta.BasicAPITestSuite.BasicAPIResultExtract" />
                <testcase name="BasicAPIResultExtractTest" time="0.586" classname="com.stta.BasicAPITestSuite.BasicAPIResultExtract" />
                <testcase name="BasicAPIResultExtractTest" time="0.988" classname="com.stta.BasicAPITestSuite.BasicAPIResultExtract" />
                <testcase name="BasicAPIResultExtractTest" time="0.585" classname="com.stta.BasicAPITestSuite.BasicAPIResultExtract" />
                <testcase name="BasicAPIResultExtractTest" time="0.585" classname="com.stta.BasicAPITestSuite.BasicAPIResultExtract" />
                <testcase name="BasicAPIResultExtractTest" time="0.580" classname="com.stta.BasicAPITestSuite.BasicAPIResultExtract" />
                <testcase name="BasicAPIResultExtractTest" time="0.603" classname="com.stta.BasicAPITestSuite.BasicAPIResultExtract" />
                <testcase name="BasicAPIResultExtractTest" time="0.586" classname="com.stta.BasicAPITestSuite.BasicAPIResultExtract" />
                <testcase name="BasicAPIResultExtractTest" time="0.604" classname="com.stta.BasicAPITestSuite.BasicAPIResultExtract" />
                <testcase name="BasicAPIResultExtractTest" time="0.618" classname="com.stta.BasicAPITestSuite.BasicAPIResultExtract" />
                <testcase name="BasicAPIResultExtractTest" time="4.746" classname="com.stta.BasicAPITestSuite.BasicAPIResultExtract" />
                <testcase name="BasicAPIResultExtractTest" time="0.577" classname="com.stta.BasicAPITestSuite.BasicAPIResultExtract" />
                <testcase name="BasicAPIResultExtractTest" time="0.553" classname="com.stta.BasicAPITestSuite.BasicAPIResultExtract" />
                <testcase name="BasicAPIResultExtractTest" time="0.606" classname="com.stta.BasicAPITestSuite.BasicAPIResultExtract" />
                <testcase name="BasicAPIResultExtractTest" time="0.571" classname="com.stta.BasicAPITestSuite.BasicAPIResultExtract" />
                <testcase name="BasicAPIResultExtractTest" time="0.606" classname="com.stta.BasicAPITestSuite.BasicAPIResultExtract" />
                <testcase name="BasicAPIResultExtractTest" time="0.587" classname="com.stta.BasicAPITestSuite.BasicAPIResultExtract" />
                <testcase name="BasicAPIResultExtractTest" time="0.585" classname="com.stta.BasicAPITestSuite.BasicAPIResultExtract" />
                <testcase name="BasicAPIResultExtractTest" time="0.602" classname="com.stta.BasicAPITestSuite.BasicAPIResultExtract" />
                <testcase name="BasicAPIResultExtractTest" time="0.565" classname="com.stta.BasicAPITestSuite.BasicAPIResultExtract" />
                <testcase name="BasicAPIResultExtractTest" time="0.587" classname="com.stta.BasicAPITestSuite.BasicAPIResultExtract" />
      
</testsuite>
