<?xml version="1.0" encoding="UTF-8"?>
<testsuite name="BasicAPIResultMultipleExtract1"
           tests="45"
           failures="0"
           errors="0"
           skipped="0"
           time="28.860">
  <properties />
  
  
            <testcase name="BasicAPIMultipleResultExtract1Test" time="0.598" classname="com.stta.BasicAPITestSuite.BasicAPIMultipleResultExtract1" />
                <testcase name="BasicAPIMultipleResultExtract1Test" time="0.470" classname="com.stta.BasicAPITestSuite.BasicAPIMultipleResultExtract1" />
                <testcase name="BasicAPIMultipleResultExtract1Test" time="0.620" classname="com.stta.BasicAPITestSuite.BasicAPIMultipleResultExtract1" />
                <testcase name="BasicAPIMultipleResultExtract1Test" time="0.724" classname="com.stta.BasicAPITestSuite.BasicAPIMultipleResultExtract1" />
                <testcase name="BasicAPIMultipleResultExtract1Test" time="0.690" classname="com.stta.BasicAPITestSuite.BasicAPIMultipleResultExtract1" />
                <testcase name="BasicAPIMultipleResultExtract1Test" time="0.591" classname="com.stta.BasicAPITestSuite.BasicAPIMultipleResultExtract1" />
                <testcase name="BasicAPIMultipleResultExtract1Test" time="0.606" classname="com.stta.BasicAPITestSuite.BasicAPIMultipleResultExtract1" />
                <testcase name="BasicAPIMultipleResultExtract1Test" time="0.610" classname="com.stta.BasicAPITestSuite.BasicAPIMultipleResultExtract1" />
                <testcase name="BasicAPIMultipleResultExtract1Test" time="0.533" classname="com.stta.BasicAPITestSuite.BasicAPIMultipleResultExtract1" />
                <testcase name="BasicAPIMultipleResultExtract1Test" time="0.628" classname="com.stta.BasicAPITestSuite.BasicAPIMultipleResultExtract1" />
                <testcase name="BasicAPIMultipleResultExtract1Test" time="0.597" classname="com.stta.BasicAPITestSuite.BasicAPIMultipleResultExtract1" />
                <testcase name="BasicAPIMultipleResultExtract1Test" time="0.588" classname="com.stta.BasicAPITestSuite.BasicAPIMultipleResultExtract1" />
                <testcase name="BasicAPIMultipleResultExtract1Test" time="0.609" classname="com.stta.BasicAPITestSuite.BasicAPIMultipleResultExtract1" />
                <testcase name="BasicAPIMultipleResultExtract1Test" time="0.568" classname="com.stta.BasicAPITestSuite.BasicAPIMultipleResultExtract1" />
                <testcase name="BasicAPIMultipleResultExtract1Test" time="0.590" classname="com.stta.BasicAPITestSuite.BasicAPIMultipleResultExtract1" />
                <testcase name="BasicAPIMultipleResultExtract1Test" time="0.597" classname="com.stta.BasicAPITestSuite.BasicAPIMultipleResultExtract1" />
                <testcase name="BasicAPIMultipleResultExtract1Test" time="0.612" classname="com.stta.BasicAPITestSuite.BasicAPIMultipleResultExtract1" />
                <testcase name="BasicAPIMultipleResultExtract1Test" time="0.630" classname="com.stta.BasicAPITestSuite.BasicAPIMultipleResultExtract1" />
                <testcase name="BasicAPIMultipleResultExtract1Test" time="0.494" classname="com.stta.BasicAPITestSuite.BasicAPIMultipleResultExtract1" />
                <testcase name="BasicAPIMultipleResultExtract1Test" time="0.517" classname="com.stta.BasicAPITestSuite.BasicAPIMultipleResultExtract1" />
                <testcase name="BasicAPIMultipleResultExtract1Test" time="0.625" classname="com.stta.BasicAPITestSuite.BasicAPIMultipleResultExtract1" />
                <testcase name="BasicAPIMultipleResultExtract1Test" time="0.602" classname="com.stta.BasicAPITestSuite.BasicAPIMultipleResultExtract1" />
                <testcase name="BasicAPIMultipleResultExtract1Test" time="0.621" classname="com.stta.BasicAPITestSuite.BasicAPIMultipleResultExtract1" />
                <testcase name="BasicAPIMultipleResultExtract1Test" time="0.612" classname="com.stta.BasicAPITestSuite.BasicAPIMultipleResultExtract1" />
                <testcase name="BasicAPIMultipleResultExtract1Test" time="0.597" classname="com.stta.BasicAPITestSuite.BasicAPIMultipleResultExtract1" />
                <testcase name="BasicAPIMultipleResultExtract1Test" time="0.591" classname="com.stta.BasicAPITestSuite.BasicAPIMultipleResultExtract1" />
                <testcase name="BasicAPIMultipleResultExtract1Test" time="0.598" classname="com.stta.BasicAPITestSuite.BasicAPIMultipleResultExtract1" />
                <testcase name="BasicAPIMultipleResultExtract1Test" time="0.610" classname="com.stta.BasicAPITestSuite.BasicAPIMultipleResultExtract1" />
                <testcase name="BasicAPIMultipleResultExtract1Test" time="0.607" classname="com.stta.BasicAPITestSuite.BasicAPIMultipleResultExtract1" />
                <testcase name="BasicAPIMultipleResultExtract1Test" time="0.486" classname="com.stta.BasicAPITestSuite.BasicAPIMultipleResultExtract1" />
                <testcase name="BasicAPIMultipleResultExtract1Test" time="0.597" classname="com.stta.BasicAPITestSuite.BasicAPIMultipleResultExtract1" />
                <testcase name="BasicAPIMultipleResultExtract1Test" time="0.615" classname="com.stta.BasicAPITestSuite.BasicAPIMultipleResultExtract1" />
                <testcase name="BasicAPIMultipleResultExtract1Test" time="0.614" classname="com.stta.BasicAPITestSuite.BasicAPIMultipleResultExtract1" />
                <testcase name="BasicAPIMultipleResultExtract1Test" time="0.612" classname="com.stta.BasicAPITestSuite.BasicAPIMultipleResultExtract1" />
                <testcase name="BasicAPIMultipleResultExtract1Test" time="0.601" classname="com.stta.BasicAPITestSuite.BasicAPIMultipleResultExtract1" />
                <testcase name="BasicAPIMultipleResultExtract1Test" time="0.683" classname="com.stta.BasicAPITestSuite.BasicAPIMultipleResultExtract1" />
                <testcase name="BasicAPIMultipleResultExtract1Test" time="0.612" classname="com.stta.BasicAPITestSuite.BasicAPIMultipleResultExtract1" />
                <testcase name="BasicAPIMultipleResultExtract1Test" time="0.605" classname="com.stta.BasicAPITestSuite.BasicAPIMultipleResultExtract1" />
                <testcase name="BasicAPIMultipleResultExtract1Test" time="0.596" classname="com.stta.BasicAPITestSuite.BasicAPIMultipleResultExtract1" />
                <testcase name="BasicAPIMultipleResultExtract1Test" time="0.633" classname="com.stta.BasicAPITestSuite.BasicAPIMultipleResultExtract1" />
                <testcase name="BasicAPIMultipleResultExtract1Test" time="0.605" classname="com.stta.BasicAPITestSuite.BasicAPIMultipleResultExtract1" />
                <testcase name="BasicAPIMultipleResultExtract1Test" time="2.413" classname="com.stta.BasicAPITestSuite.BasicAPIMultipleResultExtract1" />
                <testcase name="BasicAPIMultipleResultExtract1Test" time="0.613" classname="com.stta.BasicAPITestSuite.BasicAPIMultipleResultExtract1" />
                <testcase name="BasicAPIMultipleResultExtract1Test" time="0.610" classname="com.stta.BasicAPITestSuite.BasicAPIMultipleResultExtract1" />
                <testcase name="BasicAPIMultipleResultExtract1Test" time="0.630" classname="com.stta.BasicAPITestSuite.BasicAPIMultipleResultExtract1" />
      
</testsuite>
