<?xml version="1.0" encoding="UTF-8"?>
<testsuite name="UserSuiteCaseLoginViaOTPData"
           tests="3"
           failures="1"
           errors="0"
           skipped="2"
           time="0.007">
  <properties />
            <testcase name="UserSuiteCaseLoginViaOTPTest" time="0.007" classname="com.stta.BasicAPITestSuite.BasicAPITestSuiteCaseSuccessFailureTest">
                <failure type="java.lang.NullPointerException"
                  message="(null)"
              >
<![CDATA[java.lang.NullPointerException
  org.testng.internal.ArrayIterator.hasNext(MethodHelper.java:350)
  org.testng.internal.Parameters$2.hasNext(Parameters.java:448)
  org.testng.internal.Invoker.invokeTestMethods(Invoker.java:1117)
  org.testng.internal.TestMethodWorker.invokeTestMethods(TestMethodWorker.java:129)
  org.testng.internal.TestMethodWorker.run(TestMethodWorker.java:112)
  org.testng.TestRunner.privateRun(TestRunner.java:746)
  org.testng.TestRunner.run(TestRunner.java:600)
  org.testng.SuiteRunner.runTest(SuiteRunner.java:366)
  org.testng.SuiteRunner.runSequentially(SuiteRunner.java:361)
  org.testng.SuiteRunner.privateRun(SuiteRunner.java:319)
  org.testng.SuiteRunner.run(SuiteRunner.java:268)
  org.testng.SuiteRunnerWorker.runSuite(SuiteRunnerWorker.java:52)
  org.testng.SuiteRunnerWorker.run(SuiteRunnerWorker.java:86)
  org.testng.TestNG.runSuitesSequentially(TestNG.java:1264)
  org.testng.TestNG.runSuitesSequentially(TestNG.java:1260)
  org.testng.TestNG.runSuitesLocally(TestNG.java:1189)
  org.testng.TestNG.runSuites(TestNG.java:1104)
  org.testng.TestNG.run(TestNG.java:1076)
  org.testng.remote.AbstractRemoteTestNG.run(AbstractRemoteTestNG.java:126)
  org.testng.remote.RemoteTestNG.initAndRun(RemoteTestNG.java:152)
  org.testng.remote.RemoteTestNG.main(RemoteTestNG.java:57)
]]>
      </failure>

          </testcase>
  
            <testcase name="checkCaseToRun" time="0.0" classname="com.stta.BasicAPITestSuite.BasicAPITestSuiteCaseSuccessFailureTest">
          <skipped />
    </testcase>
            <testcase name="closeBrowser" time="0.0" classname="com.stta.BasicAPITestSuite.BasicAPITestSuiteCaseSuccessFailureTest">
          <skipped />
    </testcase>
  
  
</testsuite>
