<?xml version="1.0" encoding="UTF-8"?>
<!-- Generated by org.testng.reporters.JUnitXMLReporter -->
<testsuite hostname="LAPTOP-T6NJ110T" name="SuiteOneCaseOne" tests="2" failures="2" timestamp="20 Dec 2016 11:17:55 GMT" time="258.086" errors="0">
  <testcase name="SuiteOneCaseOneTest" time="212.97" classname="com.stta.SuiteOne.SuiteOneCaseOne">
    <failure type="java.lang.NumberFormatException" message="For input string: &amp;quot;&amp;quot;">
      <![CDATA[java.lang.NumberFormatException: For input string: ""
	at java.lang.NumberFormatException.forInputString(NumberFormatException.java:65)
	at java.lang.Integer.parseInt(Integer.java:592)
	at java.lang.Integer.parseInt(Integer.java:615)
	at com.stta.SuiteOne.SuiteOneCaseOne.SuiteOneCaseOneTest(SuiteOneCaseOne.java:113)
... Removed 25 stack frames]]>
    </failure>
  </testcase> <!-- SuiteOneCaseOneTest -->
  <testcase name="SuiteOneCaseOneTest" time="44.378" classname="com.stta.SuiteOne.SuiteOneCaseOne">
    <failure type="java.lang.NumberFormatException" message="For input string: &amp;quot;&amp;quot;">
      <![CDATA[java.lang.NumberFormatException: For input string: ""
	at java.lang.NumberFormatException.forInputString(NumberFormatException.java:65)
	at java.lang.Integer.parseInt(Integer.java:592)
	at java.lang.Integer.parseInt(Integer.java:615)
	at com.stta.SuiteOne.SuiteOneCaseOne.SuiteOneCaseOneTest(SuiteOneCaseOne.java:113)
... Removed 25 stack frames]]>
    </failure>
  </testcase> <!-- SuiteOneCaseOneTest -->
</testsuite> <!-- SuiteOneCaseOne -->
